<?xml version="1.0" encoding="UTF-8"?>
<!-- Generated by org.testng.reporters.JUnitReportReporter -->
<testsuite hostname="DESKTOP-RKFO49S" failures="0" tests="36" name="LoanManagementTest" time="0.157" errors="0" timestamp="2024-11-01T11:52:12 PKT" skipped="0">
  <testcase classname="LoanManagementTest" name="testApplyLoan" time="0.002"/>
  <system-out/>
  <testcase classname="LoanManagementTest" name="testApplyLoan" time="0.038"/>
  <system-out/>
  <testcase classname="LoanManagementTest" name="testApplyLoan" time="0.004"/>
  <system-out/>
  <testcase classname="LoanManagementTest" name="testGetLoanByAccount" time="0.003"/>
  <system-out/>
  <testcase classname="LoanManagementTest" name="testApplyLoan" time="0.002"/>
  <system-out/>
  <testcase classname="LoanManagementTest" name="testListAllLoans" time="0.004"/>
  <system-out/>
  <testcase classname="LoanManagementTest" name="testCalculateTotalPayable" time="0.003"/>
  <system-out/>
  <testcase classname="LoanManagementTest" name="testGetLoanByAccount" time="0.002"/>
  <system-out/>
  <testcase classname="LoanManagementTest" name="testGetLoans" time="0.002"/>
  <system-out/>
  <testcase classname="LoanManagementTest" name="testGetLoanByAccount" time="0.001"/>
  <system-out/>
  <testcase classname="LoanManagementTest" name="testGetLoans" time="0.003"/>
  <system-out/>
  <testcase classname="LoanManagementTest" name="testGetLoanByAccount" time="0.003"/>
  <system-out/>
  <testcase classname="LoanManagementTest" name="testApplyLoan" time="0.010"/>
  <system-out/>
  <testcase classname="LoanManagementTest" name="testApplyLoan" time="0.001"/>
  <system-out/>
  <testcase classname="LoanManagementTest" name="testGetLoans" time="0.002"/>
  <system-out/>
  <testcase classname="LoanManagementTest" name="testCalculateTotalPayable" time="0.006"/>
  <system-out/>
  <testcase classname="LoanManagementTest" name="testGetLoans" time="0.001"/>
  <system-out/>
  <testcase classname="LoanManagementTest" name="testApplyLoan" time="0.004"/>
  <system-out/>
  <testcase classname="LoanManagementTest" name="testListAllLoans" time="0.013"/>
  <system-out/>
  <testcase classname="LoanManagementTest" name="testListAllLoans" time="0.002"/>
  <system-out/>
  <testcase classname="LoanManagementTest" name="testGetLoans" time="0.001"/>
  <system-out/>
  <testcase classname="LoanManagementTest" name="testApplyLoan" time="0.002"/>
  <system-out/>
  <testcase classname="LoanManagementTest" name="testGetLoanByAccount" time="0.003"/>
  <system-out/>
  <testcase classname="LoanManagementTest" name="testApplyLoan" time="0.002"/>
  <system-out/>
  <testcase classname="LoanManagementTest" name="testCalculateTotalPayable" time="0.002"/>
  <system-out/>
  <testcase classname="LoanManagementTest" name="testListAllLoans" time="0.005"/>
  <system-out/>
  <testcase classname="LoanManagementTest" name="testCalculateTotalPayable" time="0.009"/>
  <system-out/>
  <testcase classname="LoanManagementTest" name="testGetLoanByAccount" time="0.002"/>
  <system-out/>
  <testcase classname="LoanManagementTest" name="testListAllLoans" time="0.002"/>
  <system-out/>
  <testcase classname="LoanManagementTest" name="testListAllLoans" time="0.004"/>
  <system-out/>
  <testcase classname="LoanManagementTest" name="testCalculateTotalPayable" time="0.002"/>
  <system-out/>
  <testcase classname="LoanManagementTest" name="testApplyLoan" time="0.003"/>
  <system-out/>
  <testcase classname="LoanManagementTest" name="testGetLoans" time="0.003"/>
  <system-out/>
  <testcase classname="LoanManagementTest" name="testCalculateTotalPayable" time="0.004"/>
  <system-out/>
  <testcase classname="LoanManagementTest" name="testApplyLoan" time="0.003"/>
  <system-out/>
  <testcase classname="LoanManagementTest" name="testApplyLoan" time="0.004"/>
  <system-out/>
</testsuite> <!-- LoanManagementTest -->
