<?xml version="1.0" encoding="UTF-8"?>
<!-- Generated by org.testng.reporters.JUnitReportReporter -->
<testsuite hostname="DESKTOP-RKFO49S" failures="0" tests="3" name="LoanXMLtestcases" time="0.054" errors="0" timestamp="2024-11-01T13:20:21 PKT" skipped="0">
  <testcase classname="LoanXMLtestcases" name="getLoanDetails" time="0.015"/>
  <system-out/>
  <testcase classname="LoanXMLtestcases" name="applyLoan" time="0.019"/>
  <system-out/>
  <testcase classname="LoanXMLtestcases" name="calculateTotalPayable" time="0.020"/>
  <system-out/>
</testsuite> <!-- LoanXMLtestcases -->
