<?xml version="1.0" encoding="UTF-8"?>
<!-- Generated by org.testng.reporters.JUnitReportReporter -->
<testsuite hostname="DESKTOP-QUOSCFQ" failures="0" tests="9" name="LoanXMLtestcases" time="0.050" errors="0" timestamp="2024-11-01T21:14:51 PKT" skipped="0">
  <testcase classname="LoanXMLtestcases" name="getLoanDetails" time="0.001"/>
  <system-out/>
  <testcase classname="LoanXMLtestcases" name="calculateTotalPayable" time="0.002"/>
  <system-out/>
  <testcase classname="LoanXMLtestcases" name="calculateTotalPayable" time="0.001"/>
  <system-out/>
  <testcase classname="LoanXMLtestcases" name="applyLoan" time="0.013"/>
  <system-out/>
  <testcase classname="LoanXMLtestcases" name="getLoanDetails" time="0.006"/>
  <system-out/>
  <testcase classname="LoanXMLtestcases" name="applyLoan" time="0.011"/>
  <system-out/>
  <testcase classname="LoanXMLtestcases" name="applyLoan" time="0.002"/>
  <system-out/>
  <testcase classname="LoanXMLtestcases" name="calculateTotalPayable" time="0.010"/>
  <system-out/>
  <testcase classname="LoanXMLtestcases" name="getLoanDetails" time="0.004"/>
  <system-out/>
</testsuite> <!-- LoanXMLtestcases -->
