<?xml version="1.0" encoding="UTF-8"?>
<!-- Generated by org.testng.reporters.JUnitReportReporter -->
<testsuite hostname="DESKTOP-QN8GHH2" failures="0" tests="15" name="AccountManagementTest" time="0.067" errors="0" timestamp="2024-11-16T11:12:18 PKT" skipped="0">
  <testcase classname="AccountManagementTest" name="testCloseNonExistingAccount" time="0.001"/>
  <system-out/>
  <testcase classname="AccountManagementTest" name="testGetExistingAccount" time="0.003"/>
  <system-out/>
  <testcase classname="AccountManagementTest" name="testCloseExistingAccount" time="0.015"/>
  <system-out/>
  <testcase classname="AccountManagementTest" name="testWithdrawFromExistingAccountWithInsufficientBalance" time="0.002"/>
  <system-out/>
  <testcase classname="AccountManagementTest" name="testGetMinBalance" time="0.004"/>
  <system-out/>
  <testcase classname="AccountManagementTest" name="testWithdrawFromExistingAccountWithSufficientBalance" time="0.003"/>
  <system-out/>
  <testcase classname="AccountManagementTest" name="testUpdateAccountHolderNameForNonExistingAccount" time="0.002"/>
  <system-out/>
  <testcase classname="AccountManagementTest" name="testGetNonExistingAccount" time="0.003"/>
  <system-out/>
  <testcase classname="AccountManagementTest" name="testUpdateAccountHolderNameForExistingAccount" time="0.002"/>
  <system-out/>
  <testcase classname="AccountManagementTest" name="testCreateAccountWithInsufficientInitialDeposit" time="0.004"/>
  <system-out/>
  <testcase classname="AccountManagementTest" name="testDepositToExistingAccount" time="0.004"/>
  <system-out/>
  <testcase classname="AccountManagementTest" name="testCreateAccountWithValidInitialDeposit" time="0.002"/>
  <system-out/>
  <testcase classname="AccountManagementTest" name="testGetAccounts" time="0.014"/>
  <system-out/>
  <testcase classname="AccountManagementTest" name="testDepositToNonExistingAccount" time="0.006"/>
  <system-out/>
  <testcase classname="AccountManagementTest" name="testWithdrawFromNonExistingAccount" time="0.002"/>
  <system-out/>
</testsuite> <!-- AccountManagementTest -->
