<?xml version="1.0" encoding="UTF-8"?>
<!-- Generated by org.testng.reporters.JUnitReportReporter -->
<testsuite hostname="DESKTOP-QN8GHH2" failures="0" tests="3" name="TransactionExcelInput" time="0.087" errors="0" timestamp="2024-11-01T22:16:52 PKT" skipped="0">
  <testcase classname="TransactionExcelInput" name="testTransferMoney" time="0.063"/>
  <system-out/>
  <testcase classname="TransactionExcelInput" name="testTransferMoney" time="0.011"/>
  <system-out/>
  <testcase classname="TransactionExcelInput" name="testTransferMoney" time="0.013"/>
  <system-out/>
</testsuite> <!-- TransactionExcelInput -->
