<?xml version="1.0" encoding="UTF-8"?>
<!-- Generated by org.testng.reporters.JUnitReportReporter -->
<testsuite hostname="DESKTOP-QUOSCFQ" failures="0" tests="15" name="AccountManagementTest" time="0.044" errors="0" timestamp="2024-11-01T21:32:10 PKT" skipped="0">
  <testcase classname="AccountManagementTest" name="testDepositToNonExistingAccount" time="0.001"/>
  <system-out/>
  <testcase classname="AccountManagementTest" name="testCloseNonExistingAccount" time="0.002"/>
  <system-out/>
  <testcase classname="AccountManagementTest" name="testUpdateAccountHolderNameForNonExistingAccount" time="0.001"/>
  <system-out/>
  <testcase classname="AccountManagementTest" name="testCloseExistingAccount" time="0.013"/>
  <system-out/>
  <testcase classname="AccountManagementTest" name="testGetAccounts" time="0.001"/>
  <system-out/>
  <testcase classname="AccountManagementTest" name="testUpdateAccountHolderNameForExistingAccount" time="0.000"/>
  <system-out/>
  <testcase classname="AccountManagementTest" name="testGetNonExistingAccount" time="0.001"/>
  <system-out/>
  <testcase classname="AccountManagementTest" name="testWithdrawFromNonExistingAccount" time="0.001"/>
  <system-out/>
  <testcase classname="AccountManagementTest" name="testGetExistingAccount" time="0.001"/>
  <system-out/>
  <testcase classname="AccountManagementTest" name="testGetMinBalance" time="0.003"/>
  <system-out/>
  <testcase classname="AccountManagementTest" name="testCreateAccountWithInsufficientInitialDeposit" time="0.002"/>
  <system-out/>
  <testcase classname="AccountManagementTest" name="testDepositToExistingAccount" time="0.001"/>
  <system-out/>
  <testcase classname="AccountManagementTest" name="testWithdrawFromExistingAccountWithSufficientBalance" time="0.013"/>
  <system-out/>
  <testcase classname="AccountManagementTest" name="testCreateAccountWithValidInitialDeposit" time="0.002"/>
  <system-out/>
  <testcase classname="AccountManagementTest" name="testWithdrawFromExistingAccountWithInsufficientBalance" time="0.002"/>
  <system-out/>
</testsuite> <!-- AccountManagementTest -->
