<?xml version="1.0" encoding="UTF-8"?>
<!-- Generated by org.testng.reporters.JUnitReportReporter -->
<testsuite hostname="DESKTOP-QN8GHH2" failures="0" tests="10" name="LoanExcel_Input" time="0.150" errors="0" timestamp="2024-12-11T23:49:29 PKT" skipped="0">
  <testcase classname="LoanExcel_Input" name="testCalculateTotalPayable" time="0.009"/>
  <system-out/>
  <testcase classname="LoanExcel_Input" name="testCalculateTotalPayable" time="0.009"/>
  <system-out/>
  <testcase classname="LoanExcel_Input" name="testApplyLoan" time="0.010"/>
  <system-out/>
  <testcase classname="LoanExcel_Input" name="testApplyLoan" time="0.018"/>
  <system-out/>
  <testcase classname="LoanExcel_Input" name="testApplyLoan" time="0.060"/>
  <system-out/>
  <testcase classname="LoanExcel_Input" name="testCalculateTotalPayable" time="0.003"/>
  <system-out/>
  <testcase classname="LoanExcel_Input" name="testApplyLoan" time="0.015"/>
  <system-out/>
  <testcase classname="LoanExcel_Input" name="testApplyLoan" time="0.011"/>
  <system-out/>
  <testcase classname="LoanExcel_Input" name="testCalculateTotalPayable" time="0.013"/>
  <system-out/>
  <testcase classname="LoanExcel_Input" name="testCalculateTotalPayable" time="0.002"/>
  <system-out/>
</testsuite> <!-- LoanExcel_Input -->
