<?xml version="1.0" encoding="UTF-8"?>
<!-- Generated by org.testng.reporters.JUnitReportReporter -->
<testsuite hostname="DESKTOP-RKFO49S" failures="0" tests="10" name="LoanExcel_Input" time="0.153" errors="0" timestamp="2024-11-01T13:12:50 PKT" skipped="0">
  <testcase classname="LoanExcel_Input" name="testCalculateTotalPayable" time="0.003"/>
  <system-out/>
  <testcase classname="LoanExcel_Input" name="testCalculateTotalPayable" time="0.002"/>
  <system-out/>
  <testcase classname="LoanExcel_Input" name="testApplyLoan" time="0.002"/>
  <system-out/>
  <testcase classname="LoanExcel_Input" name="testApplyLoan" time="0.020"/>
  <system-out/>
  <testcase classname="LoanExcel_Input" name="testApplyLoan" time="0.109"/>
  <system-out/>
  <testcase classname="LoanExcel_Input" name="testCalculateTotalPayable" time="0.002"/>
  <system-out/>
  <testcase classname="LoanExcel_Input" name="testApplyLoan" time="0.002"/>
  <system-out/>
  <testcase classname="LoanExcel_Input" name="testApplyLoan" time="0.002"/>
  <system-out/>
  <testcase classname="LoanExcel_Input" name="testCalculateTotalPayable" time="0.002"/>
  <system-out/>
  <testcase classname="LoanExcel_Input" name="testCalculateTotalPayable" time="0.009"/>
  <system-out/>
</testsuite> <!-- LoanExcel_Input -->
