<?xml version="1.0" encoding="UTF-8"?>
<!-- Generated by org.testng.reporters.JUnitReportReporter -->
<testsuite hostname="DESKTOP-QN8GHH2" failures="0" tests="9" name="LoanXMLtestcases" time="0.059" errors="0" timestamp="2024-11-16T11:15:46 PKT" skipped="0">
  <testcase classname="LoanXMLtestcases" name="applyLoan" time="0.002"/>
  <system-out/>
  <testcase classname="LoanXMLtestcases" name="calculateTotalPayable" time="0.014"/>
  <system-out/>
  <testcase classname="LoanXMLtestcases" name="getLoanDetails" time="0.001"/>
  <system-out/>
  <testcase classname="LoanXMLtestcases" name="applyLoan" time="0.002"/>
  <system-out/>
  <testcase classname="LoanXMLtestcases" name="applyLoan" time="0.019"/>
  <system-out/>
  <testcase classname="LoanXMLtestcases" name="calculateTotalPayable" time="0.002"/>
  <system-out/>
  <testcase classname="LoanXMLtestcases" name="getLoanDetails" time="0.016"/>
  <system-out/>
  <testcase classname="LoanXMLtestcases" name="calculateTotalPayable" time="0.001"/>
  <system-out/>
  <testcase classname="LoanXMLtestcases" name="getLoanDetails" time="0.002"/>
  <system-out/>
</testsuite> <!-- LoanXMLtestcases -->
