<?xml version="1.0" encoding="UTF-8"?>
<!-- Generated by org.testng.reporters.JUnitReportReporter -->
<testsuite hostname="DESKTOP-QUOSCFQ" failures="0" tests="6" name="AccountExcel_Input" time="0.046" errors="0" timestamp="2024-11-01T22:20:01 PKT" skipped="0">
  <testcase classname="AccountExcel_Input" name="testCreateAccount" time="0.006"/>
  <system-out/>
  <testcase classname="AccountExcel_Input" name="testUpdateAccountHolderName" time="0.006"/>
  <system-out/>
  <testcase classname="AccountExcel_Input" name="testUpdateAccountHolderName" time="0.002"/>
  <system-out/>
  <testcase classname="AccountExcel_Input" name="testCreateAccount" time="0.026"/>
  <system-out/>
  <testcase classname="AccountExcel_Input" name="testUpdateAccountHolderName" time="0.002"/>
  <system-out/>
  <testcase classname="AccountExcel_Input" name="testCreateAccount" time="0.004"/>
  <system-out/>
</testsuite> <!-- AccountExcel_Input -->
