<?xml version="1.0" encoding="UTF-8"?>
<!-- Generated by org.testng.reporters.JUnitReportReporter -->
<testsuite hostname="DESKTOP-QN8GHH2" failures="0" tests="12" name="LoanManagementTest" time="0.143" errors="0" timestamp="2024-11-16T11:11:41 PKT" skipped="0">
  <testcase classname="LoanManagementTest" name="testGetLoanByAccount" time="0.001"/>
  <system-out/>
  <testcase classname="LoanManagementTest" name="testApplyLoan" time="0.003"/>
  <system-out/>
  <testcase classname="LoanManagementTest" name="testListAllLoans" time="0.003"/>
  <system-out/>
  <testcase classname="LoanManagementTest" name="testCalculateTotalPayable" time="0.002"/>
  <system-out/>
  <testcase classname="LoanManagementTest" name="testGetLoanByAccount" time="0.002"/>
  <system-out/>
  <testcase classname="LoanManagementTest" name="testApplyLoan" time="0.004"/>
  <system-out/>
  <testcase classname="LoanManagementTest" name="testListAllLoans" time="0.036"/>
  <system-out/>
  <testcase classname="LoanManagementTest" name="testCalculateTotalPayable" time="0.010"/>
  <system-out/>
  <testcase classname="LoanManagementTest" name="testApplyLoan" time="0.007"/>
  <system-out/>
  <testcase classname="LoanManagementTest" name="testApplyLoan" time="0.065"/>
  <system-out/>
  <testcase classname="LoanManagementTest" name="testGetLoans" time="0.008"/>
  <system-out/>
  <testcase classname="LoanManagementTest" name="testGetLoans" time="0.002"/>
  <system-out/>
</testsuite> <!-- LoanManagementTest -->
