<?xml version="1.0" encoding="UTF-8"?>
<!-- Generated by org.testng.reporters.JUnitReportReporter -->
<testsuite hostname="DESKTOP-QUOSCFQ" failures="0" tests="12" name="LoanManagementTest" time="0.131" errors="0" timestamp="2024-11-01T21:24:55 PKT" skipped="0">
  <testcase classname="LoanManagementTest" name="testApplyLoan" time="0.002"/>
  <system-out/>
  <testcase classname="LoanManagementTest" name="testApplyLoan" time="0.005"/>
  <system-out/>
  <testcase classname="LoanManagementTest" name="testCalculateTotalPayable" time="0.021"/>
  <system-out/>
  <testcase classname="LoanManagementTest" name="testCalculateTotalPayable" time="0.006"/>
  <system-out/>
  <testcase classname="LoanManagementTest" name="testGetLoans" time="0.013"/>
  <system-out/>
  <testcase classname="LoanManagementTest" name="testGetLoanByAccount" time="0.012"/>
  <system-out/>
  <testcase classname="LoanManagementTest" name="testListAllLoans" time="0.019"/>
  <system-out/>
  <testcase classname="LoanManagementTest" name="testGetLoanByAccount" time="0.010"/>
  <system-out/>
  <testcase classname="LoanManagementTest" name="testGetLoans" time="0.001"/>
  <system-out/>
  <testcase classname="LoanManagementTest" name="testListAllLoans" time="0.018"/>
  <system-out/>
  <testcase classname="LoanManagementTest" name="testApplyLoan" time="0.023"/>
  <system-out/>
  <testcase classname="LoanManagementTest" name="testApplyLoan" time="0.001"/>
  <system-out/>
</testsuite> <!-- LoanManagementTest -->
